<?xml version="1.0" encoding="UTF-8"?>
<testng-results ignored="0" total="1" passed="1" failed="0" skipped="0">
  <reporter-output>
  </reporter-output>
  <suite started-at="2024-10-09T11:45:32 IST" name="Default suite" finished-at="2024-10-09T11:46:02 IST" duration-ms="29251">
    <groups>
    </groups>
    <test started-at="2024-10-09T11:45:32 IST" name="Default test" finished-at="2024-10-09T11:46:02 IST" duration-ms="29251">
      <class name="TESTCASES.TC01_Skills">
        <test-method is-config="true" signature="setUp()[pri:0, instance:TESTCASES.TC01_Skills@3b96c42e]" started-at="2024-10-09T11:45:32 IST" name="setUp" finished-at="2024-10-09T11:45:41 IST" duration-ms="8480" status="PASS">
          <reporter-output>
          </reporter-output>
        </test-method> <!-- setUp -->
        <test-method signature="main()[pri:0, instance:TESTCASES.TC01_Skills@3b96c42e]" started-at="2024-10-09T11:45:41 IST" name="main" finished-at="2024-10-09T11:46:01 IST" duration-ms="20367" status="PASS">
          <reporter-output>
          </reporter-output>
        </test-method> <!-- main -->
        <test-method is-config="true" signature="tearDown()[pri:0, instance:TESTCASES.TC01_Skills@3b96c42e]" started-at="2024-10-09T11:46:01 IST" name="tearDown" finished-at="2024-10-09T11:46:02 IST" duration-ms="370" status="PASS">
          <reporter-output>
          </reporter-output>
        </test-method> <!-- tearDown -->
      </class> <!-- TESTCASES.TC01_Skills -->
    </test> <!-- Default test -->
  </suite> <!-- Default suite -->
</testng-results>
